[2024-02-28T16:48:45.939+0000] {taskinstance.py:1979} INFO - Dependencies all met for dep_context=non-requeueable deps ti=<TaskInstance: rick_and_morty_etl.insert_characters_task manual__2024-02-28T15:42:23.644193+00:00 [queued]>
[2024-02-28T16:48:45.946+0000] {taskinstance.py:1979} INFO - Dependencies all met for dep_context=requeueable deps ti=<TaskInstance: rick_and_morty_etl.insert_characters_task manual__2024-02-28T15:42:23.644193+00:00 [queued]>
[2024-02-28T16:48:45.947+0000] {taskinstance.py:2193} INFO - Starting attempt 3 of 4
[2024-02-28T16:48:45.957+0000] {taskinstance.py:2214} INFO - Executing <Task(PythonOperator): insert_characters_task> on 2024-02-28 15:42:23.644193+00:00
[2024-02-28T16:48:45.966+0000] {standard_task_runner.py:60} INFO - Started process 2383 to run task
[2024-02-28T16:48:45.969+0000] {standard_task_runner.py:87} INFO - Running: ['airflow', 'tasks', 'run', 'rick_and_morty_etl', 'insert_characters_task', 'manual__2024-02-28T15:42:23.644193+00:00', '--job-id', '35', '--raw', '--subdir', 'DAGS_FOLDER/rick_and_morty_etl.py', '--cfg-path', '/tmp/tmpnuobr3ah']
[2024-02-28T16:48:45.970+0000] {standard_task_runner.py:88} INFO - Job 35: Subtask insert_characters_task
[2024-02-28T16:48:46.082+0000] {task_command.py:423} INFO - Running <TaskInstance: rick_and_morty_etl.insert_characters_task manual__2024-02-28T15:42:23.644193+00:00 [running]> on host f633dc85971f
[2024-02-28T16:48:46.166+0000] {taskinstance.py:2510} INFO - Exporting env vars: AIRFLOW_CTX_DAG_OWNER='raft_airflow' AIRFLOW_CTX_DAG_ID='rick_and_morty_etl' AIRFLOW_CTX_TASK_ID='insert_characters_task' AIRFLOW_CTX_EXECUTION_DATE='2024-02-28T15:42:23.644193+00:00' AIRFLOW_CTX_TRY_NUMBER='3' AIRFLOW_CTX_DAG_RUN_ID='manual__2024-02-28T15:42:23.644193+00:00'
[2024-02-28T16:48:46.268+0000] {warnings.py:110} WARNING - /home/airflow/.local/lib/python3.11/site-packages/urllib3/connectionpool.py:1100: InsecureRequestWarning: Unverified HTTPS request is being made to host 'rickandmortyapi.com'. Adding certificate verification is strongly advised. See: https://urllib3.readthedocs.io/en/latest/advanced-usage.html#tls-warnings
  warnings.warn(

[2024-02-28T16:48:46.418+0000] {warnings.py:110} WARNING - /home/airflow/.local/lib/python3.11/site-packages/urllib3/connectionpool.py:1100: InsecureRequestWarning: Unverified HTTPS request is being made to host 'rickandmortyapi.com'. Adding certificate verification is strongly advised. See: https://urllib3.readthedocs.io/en/latest/advanced-usage.html#tls-warnings
  warnings.warn(

[2024-02-28T16:48:46.520+0000] {warnings.py:110} WARNING - /home/airflow/.local/lib/python3.11/site-packages/urllib3/connectionpool.py:1100: InsecureRequestWarning: Unverified HTTPS request is being made to host 'rickandmortyapi.com'. Adding certificate verification is strongly advised. See: https://urllib3.readthedocs.io/en/latest/advanced-usage.html#tls-warnings
  warnings.warn(

[2024-02-28T16:48:46.636+0000] {warnings.py:110} WARNING - /home/airflow/.local/lib/python3.11/site-packages/urllib3/connectionpool.py:1100: InsecureRequestWarning: Unverified HTTPS request is being made to host 'rickandmortyapi.com'. Adding certificate verification is strongly advised. See: https://urllib3.readthedocs.io/en/latest/advanced-usage.html#tls-warnings
  warnings.warn(

[2024-02-28T16:48:46.755+0000] {warnings.py:110} WARNING - /home/airflow/.local/lib/python3.11/site-packages/urllib3/connectionpool.py:1100: InsecureRequestWarning: Unverified HTTPS request is being made to host 'rickandmortyapi.com'. Adding certificate verification is strongly advised. See: https://urllib3.readthedocs.io/en/latest/advanced-usage.html#tls-warnings
  warnings.warn(

[2024-02-28T16:48:46.910+0000] {warnings.py:110} WARNING - /home/airflow/.local/lib/python3.11/site-packages/urllib3/connectionpool.py:1100: InsecureRequestWarning: Unverified HTTPS request is being made to host 'rickandmortyapi.com'. Adding certificate verification is strongly advised. See: https://urllib3.readthedocs.io/en/latest/advanced-usage.html#tls-warnings
  warnings.warn(

[2024-02-28T16:48:47.027+0000] {warnings.py:110} WARNING - /home/airflow/.local/lib/python3.11/site-packages/urllib3/connectionpool.py:1100: InsecureRequestWarning: Unverified HTTPS request is being made to host 'rickandmortyapi.com'. Adding certificate verification is strongly advised. See: https://urllib3.readthedocs.io/en/latest/advanced-usage.html#tls-warnings
  warnings.warn(

[2024-02-28T16:48:47.143+0000] {warnings.py:110} WARNING - /home/airflow/.local/lib/python3.11/site-packages/urllib3/connectionpool.py:1100: InsecureRequestWarning: Unverified HTTPS request is being made to host 'rickandmortyapi.com'. Adding certificate verification is strongly advised. See: https://urllib3.readthedocs.io/en/latest/advanced-usage.html#tls-warnings
  warnings.warn(

[2024-02-28T16:48:47.260+0000] {warnings.py:110} WARNING - /home/airflow/.local/lib/python3.11/site-packages/urllib3/connectionpool.py:1100: InsecureRequestWarning: Unverified HTTPS request is being made to host 'rickandmortyapi.com'. Adding certificate verification is strongly advised. See: https://urllib3.readthedocs.io/en/latest/advanced-usage.html#tls-warnings
  warnings.warn(

[2024-02-28T16:48:47.376+0000] {warnings.py:110} WARNING - /home/airflow/.local/lib/python3.11/site-packages/urllib3/connectionpool.py:1100: InsecureRequestWarning: Unverified HTTPS request is being made to host 'rickandmortyapi.com'. Adding certificate verification is strongly advised. See: https://urllib3.readthedocs.io/en/latest/advanced-usage.html#tls-warnings
  warnings.warn(

[2024-02-28T16:48:47.516+0000] {warnings.py:110} WARNING - /home/airflow/.local/lib/python3.11/site-packages/urllib3/connectionpool.py:1100: InsecureRequestWarning: Unverified HTTPS request is being made to host 'rickandmortyapi.com'. Adding certificate verification is strongly advised. See: https://urllib3.readthedocs.io/en/latest/advanced-usage.html#tls-warnings
  warnings.warn(

[2024-02-28T16:48:47.625+0000] {warnings.py:110} WARNING - /home/airflow/.local/lib/python3.11/site-packages/urllib3/connectionpool.py:1100: InsecureRequestWarning: Unverified HTTPS request is being made to host 'rickandmortyapi.com'. Adding certificate verification is strongly advised. See: https://urllib3.readthedocs.io/en/latest/advanced-usage.html#tls-warnings
  warnings.warn(

[2024-02-28T16:48:47.747+0000] {warnings.py:110} WARNING - /home/airflow/.local/lib/python3.11/site-packages/urllib3/connectionpool.py:1100: InsecureRequestWarning: Unverified HTTPS request is being made to host 'rickandmortyapi.com'. Adding certificate verification is strongly advised. See: https://urllib3.readthedocs.io/en/latest/advanced-usage.html#tls-warnings
  warnings.warn(

[2024-02-28T16:48:48.220+0000] {warnings.py:110} WARNING - /home/airflow/.local/lib/python3.11/site-packages/urllib3/connectionpool.py:1100: InsecureRequestWarning: Unverified HTTPS request is being made to host 'rickandmortyapi.com'. Adding certificate verification is strongly advised. See: https://urllib3.readthedocs.io/en/latest/advanced-usage.html#tls-warnings
  warnings.warn(

[2024-02-28T16:48:48.372+0000] {warnings.py:110} WARNING - /home/airflow/.local/lib/python3.11/site-packages/urllib3/connectionpool.py:1100: InsecureRequestWarning: Unverified HTTPS request is being made to host 'rickandmortyapi.com'. Adding certificate verification is strongly advised. See: https://urllib3.readthedocs.io/en/latest/advanced-usage.html#tls-warnings
  warnings.warn(

[2024-02-28T16:48:48.510+0000] {warnings.py:110} WARNING - /home/airflow/.local/lib/python3.11/site-packages/urllib3/connectionpool.py:1100: InsecureRequestWarning: Unverified HTTPS request is being made to host 'rickandmortyapi.com'. Adding certificate verification is strongly advised. See: https://urllib3.readthedocs.io/en/latest/advanced-usage.html#tls-warnings
  warnings.warn(

[2024-02-28T16:48:48.640+0000] {warnings.py:110} WARNING - /home/airflow/.local/lib/python3.11/site-packages/urllib3/connectionpool.py:1100: InsecureRequestWarning: Unverified HTTPS request is being made to host 'rickandmortyapi.com'. Adding certificate verification is strongly advised. See: https://urllib3.readthedocs.io/en/latest/advanced-usage.html#tls-warnings
  warnings.warn(

[2024-02-28T16:48:48.801+0000] {warnings.py:110} WARNING - /home/airflow/.local/lib/python3.11/site-packages/urllib3/connectionpool.py:1100: InsecureRequestWarning: Unverified HTTPS request is being made to host 'rickandmortyapi.com'. Adding certificate verification is strongly advised. See: https://urllib3.readthedocs.io/en/latest/advanced-usage.html#tls-warnings
  warnings.warn(

[2024-02-28T16:48:48.931+0000] {warnings.py:110} WARNING - /home/airflow/.local/lib/python3.11/site-packages/urllib3/connectionpool.py:1100: InsecureRequestWarning: Unverified HTTPS request is being made to host 'rickandmortyapi.com'. Adding certificate verification is strongly advised. See: https://urllib3.readthedocs.io/en/latest/advanced-usage.html#tls-warnings
  warnings.warn(

[2024-02-28T16:48:49.058+0000] {warnings.py:110} WARNING - /home/airflow/.local/lib/python3.11/site-packages/urllib3/connectionpool.py:1100: InsecureRequestWarning: Unverified HTTPS request is being made to host 'rickandmortyapi.com'. Adding certificate verification is strongly advised. See: https://urllib3.readthedocs.io/en/latest/advanced-usage.html#tls-warnings
  warnings.warn(

[2024-02-28T16:48:49.178+0000] {warnings.py:110} WARNING - /home/airflow/.local/lib/python3.11/site-packages/urllib3/connectionpool.py:1100: InsecureRequestWarning: Unverified HTTPS request is being made to host 'rickandmortyapi.com'. Adding certificate verification is strongly advised. See: https://urllib3.readthedocs.io/en/latest/advanced-usage.html#tls-warnings
  warnings.warn(

[2024-02-28T16:48:49.306+0000] {warnings.py:110} WARNING - /home/airflow/.local/lib/python3.11/site-packages/urllib3/connectionpool.py:1100: InsecureRequestWarning: Unverified HTTPS request is being made to host 'rickandmortyapi.com'. Adding certificate verification is strongly advised. See: https://urllib3.readthedocs.io/en/latest/advanced-usage.html#tls-warnings
  warnings.warn(

[2024-02-28T16:48:49.449+0000] {warnings.py:110} WARNING - /home/airflow/.local/lib/python3.11/site-packages/urllib3/connectionpool.py:1100: InsecureRequestWarning: Unverified HTTPS request is being made to host 'rickandmortyapi.com'. Adding certificate verification is strongly advised. See: https://urllib3.readthedocs.io/en/latest/advanced-usage.html#tls-warnings
  warnings.warn(

[2024-02-28T16:48:49.582+0000] {warnings.py:110} WARNING - /home/airflow/.local/lib/python3.11/site-packages/urllib3/connectionpool.py:1100: InsecureRequestWarning: Unverified HTTPS request is being made to host 'rickandmortyapi.com'. Adding certificate verification is strongly advised. See: https://urllib3.readthedocs.io/en/latest/advanced-usage.html#tls-warnings
  warnings.warn(

[2024-02-28T16:48:49.770+0000] {warnings.py:110} WARNING - /home/airflow/.local/lib/python3.11/site-packages/urllib3/connectionpool.py:1100: InsecureRequestWarning: Unverified HTTPS request is being made to host 'rickandmortyapi.com'. Adding certificate verification is strongly advised. See: https://urllib3.readthedocs.io/en/latest/advanced-usage.html#tls-warnings
  warnings.warn(

[2024-02-28T16:48:49.898+0000] {warnings.py:110} WARNING - /home/airflow/.local/lib/python3.11/site-packages/urllib3/connectionpool.py:1100: InsecureRequestWarning: Unverified HTTPS request is being made to host 'rickandmortyapi.com'. Adding certificate verification is strongly advised. See: https://urllib3.readthedocs.io/en/latest/advanced-usage.html#tls-warnings
  warnings.warn(

[2024-02-28T16:48:50.076+0000] {warnings.py:110} WARNING - /home/airflow/.local/lib/python3.11/site-packages/urllib3/connectionpool.py:1100: InsecureRequestWarning: Unverified HTTPS request is being made to host 'rickandmortyapi.com'. Adding certificate verification is strongly advised. See: https://urllib3.readthedocs.io/en/latest/advanced-usage.html#tls-warnings
  warnings.warn(

[2024-02-28T16:48:50.240+0000] {warnings.py:110} WARNING - /home/airflow/.local/lib/python3.11/site-packages/urllib3/connectionpool.py:1100: InsecureRequestWarning: Unverified HTTPS request is being made to host 'rickandmortyapi.com'. Adding certificate verification is strongly advised. See: https://urllib3.readthedocs.io/en/latest/advanced-usage.html#tls-warnings
  warnings.warn(

[2024-02-28T16:48:50.358+0000] {warnings.py:110} WARNING - /home/airflow/.local/lib/python3.11/site-packages/urllib3/connectionpool.py:1100: InsecureRequestWarning: Unverified HTTPS request is being made to host 'rickandmortyapi.com'. Adding certificate verification is strongly advised. See: https://urllib3.readthedocs.io/en/latest/advanced-usage.html#tls-warnings
  warnings.warn(

[2024-02-28T16:48:50.481+0000] {warnings.py:110} WARNING - /home/airflow/.local/lib/python3.11/site-packages/urllib3/connectionpool.py:1100: InsecureRequestWarning: Unverified HTTPS request is being made to host 'rickandmortyapi.com'. Adding certificate verification is strongly advised. See: https://urllib3.readthedocs.io/en/latest/advanced-usage.html#tls-warnings
  warnings.warn(

[2024-02-28T16:48:50.608+0000] {warnings.py:110} WARNING - /home/airflow/.local/lib/python3.11/site-packages/urllib3/connectionpool.py:1100: InsecureRequestWarning: Unverified HTTPS request is being made to host 'rickandmortyapi.com'. Adding certificate verification is strongly advised. See: https://urllib3.readthedocs.io/en/latest/advanced-usage.html#tls-warnings
  warnings.warn(

[2024-02-28T16:48:50.738+0000] {warnings.py:110} WARNING - /home/airflow/.local/lib/python3.11/site-packages/urllib3/connectionpool.py:1100: InsecureRequestWarning: Unverified HTTPS request is being made to host 'rickandmortyapi.com'. Adding certificate verification is strongly advised. See: https://urllib3.readthedocs.io/en/latest/advanced-usage.html#tls-warnings
  warnings.warn(

[2024-02-28T16:48:50.857+0000] {warnings.py:110} WARNING - /home/airflow/.local/lib/python3.11/site-packages/urllib3/connectionpool.py:1100: InsecureRequestWarning: Unverified HTTPS request is being made to host 'rickandmortyapi.com'. Adding certificate verification is strongly advised. See: https://urllib3.readthedocs.io/en/latest/advanced-usage.html#tls-warnings
  warnings.warn(

[2024-02-28T16:48:50.998+0000] {warnings.py:110} WARNING - /home/airflow/.local/lib/python3.11/site-packages/urllib3/connectionpool.py:1100: InsecureRequestWarning: Unverified HTTPS request is being made to host 'rickandmortyapi.com'. Adding certificate verification is strongly advised. See: https://urllib3.readthedocs.io/en/latest/advanced-usage.html#tls-warnings
  warnings.warn(

[2024-02-28T16:48:51.125+0000] {warnings.py:110} WARNING - /home/airflow/.local/lib/python3.11/site-packages/urllib3/connectionpool.py:1100: InsecureRequestWarning: Unverified HTTPS request is being made to host 'rickandmortyapi.com'. Adding certificate verification is strongly advised. See: https://urllib3.readthedocs.io/en/latest/advanced-usage.html#tls-warnings
  warnings.warn(

[2024-02-28T16:48:51.241+0000] {warnings.py:110} WARNING - /home/airflow/.local/lib/python3.11/site-packages/urllib3/connectionpool.py:1100: InsecureRequestWarning: Unverified HTTPS request is being made to host 'rickandmortyapi.com'. Adding certificate verification is strongly advised. See: https://urllib3.readthedocs.io/en/latest/advanced-usage.html#tls-warnings
  warnings.warn(

[2024-02-28T16:48:51.361+0000] {warnings.py:110} WARNING - /home/airflow/.local/lib/python3.11/site-packages/urllib3/connectionpool.py:1100: InsecureRequestWarning: Unverified HTTPS request is being made to host 'rickandmortyapi.com'. Adding certificate verification is strongly advised. See: https://urllib3.readthedocs.io/en/latest/advanced-usage.html#tls-warnings
  warnings.warn(

[2024-02-28T16:48:51.477+0000] {warnings.py:110} WARNING - /home/airflow/.local/lib/python3.11/site-packages/urllib3/connectionpool.py:1100: InsecureRequestWarning: Unverified HTTPS request is being made to host 'rickandmortyapi.com'. Adding certificate verification is strongly advised. See: https://urllib3.readthedocs.io/en/latest/advanced-usage.html#tls-warnings
  warnings.warn(

[2024-02-28T16:48:51.599+0000] {warnings.py:110} WARNING - /home/airflow/.local/lib/python3.11/site-packages/urllib3/connectionpool.py:1100: InsecureRequestWarning: Unverified HTTPS request is being made to host 'rickandmortyapi.com'. Adding certificate verification is strongly advised. See: https://urllib3.readthedocs.io/en/latest/advanced-usage.html#tls-warnings
  warnings.warn(

[2024-02-28T16:48:51.716+0000] {warnings.py:110} WARNING - /home/airflow/.local/lib/python3.11/site-packages/urllib3/connectionpool.py:1100: InsecureRequestWarning: Unverified HTTPS request is being made to host 'rickandmortyapi.com'. Adding certificate verification is strongly advised. See: https://urllib3.readthedocs.io/en/latest/advanced-usage.html#tls-warnings
  warnings.warn(

[2024-02-28T16:48:51.847+0000] {warnings.py:110} WARNING - /home/airflow/.local/lib/python3.11/site-packages/urllib3/connectionpool.py:1100: InsecureRequestWarning: Unverified HTTPS request is being made to host 'rickandmortyapi.com'. Adding certificate verification is strongly advised. See: https://urllib3.readthedocs.io/en/latest/advanced-usage.html#tls-warnings
  warnings.warn(

[2024-02-28T16:48:51.978+0000] {warnings.py:110} WARNING - /home/airflow/.local/lib/python3.11/site-packages/urllib3/connectionpool.py:1100: InsecureRequestWarning: Unverified HTTPS request is being made to host 'rickandmortyapi.com'. Adding certificate verification is strongly advised. See: https://urllib3.readthedocs.io/en/latest/advanced-usage.html#tls-warnings
  warnings.warn(

[2024-02-28T16:48:52.454+0000] {logging_mixin.py:188} INFO - Inserted to character table successfully!
[2024-02-28T16:48:52.465+0000] {python.py:202} INFO - Done. Returned value was: None
[2024-02-28T16:48:52.504+0000] {taskinstance.py:1149} INFO - Marking task as SUCCESS. dag_id=rick_and_morty_etl, task_id=insert_characters_task, execution_date=20240228T154223, start_date=20240228T164845, end_date=20240228T164852
[2024-02-28T16:48:52.541+0000] {local_task_job_runner.py:234} INFO - Task exited with return code 0
[2024-02-28T16:48:52.580+0000] {taskinstance.py:3309} INFO - 1 downstream tasks scheduled from follow-on schedule check
