[2024-02-28T16:48:37.522+0000] {taskinstance.py:1979} INFO - Dependencies all met for dep_context=non-requeueable deps ti=<TaskInstance: rick_and_morty_etl.fetch_characters_task manual__2024-02-28T15:42:23.644193+00:00 [queued]>
[2024-02-28T16:48:37.546+0000] {taskinstance.py:1979} INFO - Dependencies all met for dep_context=requeueable deps ti=<TaskInstance: rick_and_morty_etl.fetch_characters_task manual__2024-02-28T15:42:23.644193+00:00 [queued]>
[2024-02-28T16:48:37.547+0000] {taskinstance.py:2193} INFO - Starting attempt 2 of 3
[2024-02-28T16:48:37.561+0000] {taskinstance.py:2214} INFO - Executing <Task(PythonOperator): fetch_characters_task> on 2024-02-28 15:42:23.644193+00:00
[2024-02-28T16:48:37.595+0000] {standard_task_runner.py:60} INFO - Started process 2380 to run task
[2024-02-28T16:48:37.600+0000] {standard_task_runner.py:87} INFO - Running: ['airflow', 'tasks', 'run', 'rick_and_morty_etl', 'fetch_characters_task', 'manual__2024-02-28T15:42:23.644193+00:00', '--job-id', '34', '--raw', '--subdir', 'DAGS_FOLDER/rick_and_morty_etl.py', '--cfg-path', '/tmp/tmptf019evv']
[2024-02-28T16:48:37.602+0000] {standard_task_runner.py:88} INFO - Job 34: Subtask fetch_characters_task
[2024-02-28T16:48:37.686+0000] {task_command.py:423} INFO - Running <TaskInstance: rick_and_morty_etl.fetch_characters_task manual__2024-02-28T15:42:23.644193+00:00 [running]> on host f633dc85971f
[2024-02-28T16:48:37.829+0000] {taskinstance.py:2510} INFO - Exporting env vars: AIRFLOW_CTX_DAG_OWNER='raft_airflow' AIRFLOW_CTX_DAG_ID='rick_and_morty_etl' AIRFLOW_CTX_TASK_ID='fetch_characters_task' AIRFLOW_CTX_EXECUTION_DATE='2024-02-28T15:42:23.644193+00:00' AIRFLOW_CTX_TRY_NUMBER='2' AIRFLOW_CTX_DAG_RUN_ID='manual__2024-02-28T15:42:23.644193+00:00'
[2024-02-28T16:48:37.998+0000] {warnings.py:110} WARNING - /home/airflow/.local/lib/python3.11/site-packages/urllib3/connectionpool.py:1100: InsecureRequestWarning: Unverified HTTPS request is being made to host 'rickandmortyapi.com'. Adding certificate verification is strongly advised. See: https://urllib3.readthedocs.io/en/latest/advanced-usage.html#tls-warnings
  warnings.warn(

[2024-02-28T16:48:38.111+0000] {warnings.py:110} WARNING - /home/airflow/.local/lib/python3.11/site-packages/urllib3/connectionpool.py:1100: InsecureRequestWarning: Unverified HTTPS request is being made to host 'rickandmortyapi.com'. Adding certificate verification is strongly advised. See: https://urllib3.readthedocs.io/en/latest/advanced-usage.html#tls-warnings
  warnings.warn(

[2024-02-28T16:48:38.224+0000] {warnings.py:110} WARNING - /home/airflow/.local/lib/python3.11/site-packages/urllib3/connectionpool.py:1100: InsecureRequestWarning: Unverified HTTPS request is being made to host 'rickandmortyapi.com'. Adding certificate verification is strongly advised. See: https://urllib3.readthedocs.io/en/latest/advanced-usage.html#tls-warnings
  warnings.warn(

[2024-02-28T16:48:38.359+0000] {warnings.py:110} WARNING - /home/airflow/.local/lib/python3.11/site-packages/urllib3/connectionpool.py:1100: InsecureRequestWarning: Unverified HTTPS request is being made to host 'rickandmortyapi.com'. Adding certificate verification is strongly advised. See: https://urllib3.readthedocs.io/en/latest/advanced-usage.html#tls-warnings
  warnings.warn(

[2024-02-28T16:48:38.479+0000] {warnings.py:110} WARNING - /home/airflow/.local/lib/python3.11/site-packages/urllib3/connectionpool.py:1100: InsecureRequestWarning: Unverified HTTPS request is being made to host 'rickandmortyapi.com'. Adding certificate verification is strongly advised. See: https://urllib3.readthedocs.io/en/latest/advanced-usage.html#tls-warnings
  warnings.warn(

[2024-02-28T16:48:38.614+0000] {warnings.py:110} WARNING - /home/airflow/.local/lib/python3.11/site-packages/urllib3/connectionpool.py:1100: InsecureRequestWarning: Unverified HTTPS request is being made to host 'rickandmortyapi.com'. Adding certificate verification is strongly advised. See: https://urllib3.readthedocs.io/en/latest/advanced-usage.html#tls-warnings
  warnings.warn(

[2024-02-28T16:48:38.728+0000] {warnings.py:110} WARNING - /home/airflow/.local/lib/python3.11/site-packages/urllib3/connectionpool.py:1100: InsecureRequestWarning: Unverified HTTPS request is being made to host 'rickandmortyapi.com'. Adding certificate verification is strongly advised. See: https://urllib3.readthedocs.io/en/latest/advanced-usage.html#tls-warnings
  warnings.warn(

[2024-02-28T16:48:38.846+0000] {warnings.py:110} WARNING - /home/airflow/.local/lib/python3.11/site-packages/urllib3/connectionpool.py:1100: InsecureRequestWarning: Unverified HTTPS request is being made to host 'rickandmortyapi.com'. Adding certificate verification is strongly advised. See: https://urllib3.readthedocs.io/en/latest/advanced-usage.html#tls-warnings
  warnings.warn(

[2024-02-28T16:48:38.969+0000] {warnings.py:110} WARNING - /home/airflow/.local/lib/python3.11/site-packages/urllib3/connectionpool.py:1100: InsecureRequestWarning: Unverified HTTPS request is being made to host 'rickandmortyapi.com'. Adding certificate verification is strongly advised. See: https://urllib3.readthedocs.io/en/latest/advanced-usage.html#tls-warnings
  warnings.warn(

[2024-02-28T16:48:39.090+0000] {warnings.py:110} WARNING - /home/airflow/.local/lib/python3.11/site-packages/urllib3/connectionpool.py:1100: InsecureRequestWarning: Unverified HTTPS request is being made to host 'rickandmortyapi.com'. Adding certificate verification is strongly advised. See: https://urllib3.readthedocs.io/en/latest/advanced-usage.html#tls-warnings
  warnings.warn(

[2024-02-28T16:48:39.212+0000] {warnings.py:110} WARNING - /home/airflow/.local/lib/python3.11/site-packages/urllib3/connectionpool.py:1100: InsecureRequestWarning: Unverified HTTPS request is being made to host 'rickandmortyapi.com'. Adding certificate verification is strongly advised. See: https://urllib3.readthedocs.io/en/latest/advanced-usage.html#tls-warnings
  warnings.warn(

[2024-02-28T16:48:39.322+0000] {warnings.py:110} WARNING - /home/airflow/.local/lib/python3.11/site-packages/urllib3/connectionpool.py:1100: InsecureRequestWarning: Unverified HTTPS request is being made to host 'rickandmortyapi.com'. Adding certificate verification is strongly advised. See: https://urllib3.readthedocs.io/en/latest/advanced-usage.html#tls-warnings
  warnings.warn(

[2024-02-28T16:48:39.433+0000] {warnings.py:110} WARNING - /home/airflow/.local/lib/python3.11/site-packages/urllib3/connectionpool.py:1100: InsecureRequestWarning: Unverified HTTPS request is being made to host 'rickandmortyapi.com'. Adding certificate verification is strongly advised. See: https://urllib3.readthedocs.io/en/latest/advanced-usage.html#tls-warnings
  warnings.warn(

[2024-02-28T16:48:39.562+0000] {warnings.py:110} WARNING - /home/airflow/.local/lib/python3.11/site-packages/urllib3/connectionpool.py:1100: InsecureRequestWarning: Unverified HTTPS request is being made to host 'rickandmortyapi.com'. Adding certificate verification is strongly advised. See: https://urllib3.readthedocs.io/en/latest/advanced-usage.html#tls-warnings
  warnings.warn(

[2024-02-28T16:48:39.682+0000] {warnings.py:110} WARNING - /home/airflow/.local/lib/python3.11/site-packages/urllib3/connectionpool.py:1100: InsecureRequestWarning: Unverified HTTPS request is being made to host 'rickandmortyapi.com'. Adding certificate verification is strongly advised. See: https://urllib3.readthedocs.io/en/latest/advanced-usage.html#tls-warnings
  warnings.warn(

[2024-02-28T16:48:39.827+0000] {warnings.py:110} WARNING - /home/airflow/.local/lib/python3.11/site-packages/urllib3/connectionpool.py:1100: InsecureRequestWarning: Unverified HTTPS request is being made to host 'rickandmortyapi.com'. Adding certificate verification is strongly advised. See: https://urllib3.readthedocs.io/en/latest/advanced-usage.html#tls-warnings
  warnings.warn(

[2024-02-28T16:48:39.938+0000] {warnings.py:110} WARNING - /home/airflow/.local/lib/python3.11/site-packages/urllib3/connectionpool.py:1100: InsecureRequestWarning: Unverified HTTPS request is being made to host 'rickandmortyapi.com'. Adding certificate verification is strongly advised. See: https://urllib3.readthedocs.io/en/latest/advanced-usage.html#tls-warnings
  warnings.warn(

[2024-02-28T16:48:40.051+0000] {warnings.py:110} WARNING - /home/airflow/.local/lib/python3.11/site-packages/urllib3/connectionpool.py:1100: InsecureRequestWarning: Unverified HTTPS request is being made to host 'rickandmortyapi.com'. Adding certificate verification is strongly advised. See: https://urllib3.readthedocs.io/en/latest/advanced-usage.html#tls-warnings
  warnings.warn(

[2024-02-28T16:48:40.164+0000] {warnings.py:110} WARNING - /home/airflow/.local/lib/python3.11/site-packages/urllib3/connectionpool.py:1100: InsecureRequestWarning: Unverified HTTPS request is being made to host 'rickandmortyapi.com'. Adding certificate verification is strongly advised. See: https://urllib3.readthedocs.io/en/latest/advanced-usage.html#tls-warnings
  warnings.warn(

[2024-02-28T16:48:40.278+0000] {warnings.py:110} WARNING - /home/airflow/.local/lib/python3.11/site-packages/urllib3/connectionpool.py:1100: InsecureRequestWarning: Unverified HTTPS request is being made to host 'rickandmortyapi.com'. Adding certificate verification is strongly advised. See: https://urllib3.readthedocs.io/en/latest/advanced-usage.html#tls-warnings
  warnings.warn(

[2024-02-28T16:48:40.394+0000] {warnings.py:110} WARNING - /home/airflow/.local/lib/python3.11/site-packages/urllib3/connectionpool.py:1100: InsecureRequestWarning: Unverified HTTPS request is being made to host 'rickandmortyapi.com'. Adding certificate verification is strongly advised. See: https://urllib3.readthedocs.io/en/latest/advanced-usage.html#tls-warnings
  warnings.warn(

[2024-02-28T16:48:40.521+0000] {warnings.py:110} WARNING - /home/airflow/.local/lib/python3.11/site-packages/urllib3/connectionpool.py:1100: InsecureRequestWarning: Unverified HTTPS request is being made to host 'rickandmortyapi.com'. Adding certificate verification is strongly advised. See: https://urllib3.readthedocs.io/en/latest/advanced-usage.html#tls-warnings
  warnings.warn(

[2024-02-28T16:48:40.654+0000] {warnings.py:110} WARNING - /home/airflow/.local/lib/python3.11/site-packages/urllib3/connectionpool.py:1100: InsecureRequestWarning: Unverified HTTPS request is being made to host 'rickandmortyapi.com'. Adding certificate verification is strongly advised. See: https://urllib3.readthedocs.io/en/latest/advanced-usage.html#tls-warnings
  warnings.warn(

[2024-02-28T16:48:40.765+0000] {warnings.py:110} WARNING - /home/airflow/.local/lib/python3.11/site-packages/urllib3/connectionpool.py:1100: InsecureRequestWarning: Unverified HTTPS request is being made to host 'rickandmortyapi.com'. Adding certificate verification is strongly advised. See: https://urllib3.readthedocs.io/en/latest/advanced-usage.html#tls-warnings
  warnings.warn(

[2024-02-28T16:48:40.886+0000] {warnings.py:110} WARNING - /home/airflow/.local/lib/python3.11/site-packages/urllib3/connectionpool.py:1100: InsecureRequestWarning: Unverified HTTPS request is being made to host 'rickandmortyapi.com'. Adding certificate verification is strongly advised. See: https://urllib3.readthedocs.io/en/latest/advanced-usage.html#tls-warnings
  warnings.warn(

[2024-02-28T16:48:41.031+0000] {warnings.py:110} WARNING - /home/airflow/.local/lib/python3.11/site-packages/urllib3/connectionpool.py:1100: InsecureRequestWarning: Unverified HTTPS request is being made to host 'rickandmortyapi.com'. Adding certificate verification is strongly advised. See: https://urllib3.readthedocs.io/en/latest/advanced-usage.html#tls-warnings
  warnings.warn(

[2024-02-28T16:48:41.141+0000] {warnings.py:110} WARNING - /home/airflow/.local/lib/python3.11/site-packages/urllib3/connectionpool.py:1100: InsecureRequestWarning: Unverified HTTPS request is being made to host 'rickandmortyapi.com'. Adding certificate verification is strongly advised. See: https://urllib3.readthedocs.io/en/latest/advanced-usage.html#tls-warnings
  warnings.warn(

[2024-02-28T16:48:41.272+0000] {warnings.py:110} WARNING - /home/airflow/.local/lib/python3.11/site-packages/urllib3/connectionpool.py:1100: InsecureRequestWarning: Unverified HTTPS request is being made to host 'rickandmortyapi.com'. Adding certificate verification is strongly advised. See: https://urllib3.readthedocs.io/en/latest/advanced-usage.html#tls-warnings
  warnings.warn(

[2024-02-28T16:48:41.388+0000] {warnings.py:110} WARNING - /home/airflow/.local/lib/python3.11/site-packages/urllib3/connectionpool.py:1100: InsecureRequestWarning: Unverified HTTPS request is being made to host 'rickandmortyapi.com'. Adding certificate verification is strongly advised. See: https://urllib3.readthedocs.io/en/latest/advanced-usage.html#tls-warnings
  warnings.warn(

[2024-02-28T16:48:41.504+0000] {warnings.py:110} WARNING - /home/airflow/.local/lib/python3.11/site-packages/urllib3/connectionpool.py:1100: InsecureRequestWarning: Unverified HTTPS request is being made to host 'rickandmortyapi.com'. Adding certificate verification is strongly advised. See: https://urllib3.readthedocs.io/en/latest/advanced-usage.html#tls-warnings
  warnings.warn(

[2024-02-28T16:48:41.623+0000] {warnings.py:110} WARNING - /home/airflow/.local/lib/python3.11/site-packages/urllib3/connectionpool.py:1100: InsecureRequestWarning: Unverified HTTPS request is being made to host 'rickandmortyapi.com'. Adding certificate verification is strongly advised. See: https://urllib3.readthedocs.io/en/latest/advanced-usage.html#tls-warnings
  warnings.warn(

[2024-02-28T16:48:41.757+0000] {warnings.py:110} WARNING - /home/airflow/.local/lib/python3.11/site-packages/urllib3/connectionpool.py:1100: InsecureRequestWarning: Unverified HTTPS request is being made to host 'rickandmortyapi.com'. Adding certificate verification is strongly advised. See: https://urllib3.readthedocs.io/en/latest/advanced-usage.html#tls-warnings
  warnings.warn(

[2024-02-28T16:48:41.878+0000] {warnings.py:110} WARNING - /home/airflow/.local/lib/python3.11/site-packages/urllib3/connectionpool.py:1100: InsecureRequestWarning: Unverified HTTPS request is being made to host 'rickandmortyapi.com'. Adding certificate verification is strongly advised. See: https://urllib3.readthedocs.io/en/latest/advanced-usage.html#tls-warnings
  warnings.warn(

[2024-02-28T16:48:41.993+0000] {warnings.py:110} WARNING - /home/airflow/.local/lib/python3.11/site-packages/urllib3/connectionpool.py:1100: InsecureRequestWarning: Unverified HTTPS request is being made to host 'rickandmortyapi.com'. Adding certificate verification is strongly advised. See: https://urllib3.readthedocs.io/en/latest/advanced-usage.html#tls-warnings
  warnings.warn(

[2024-02-28T16:48:42.122+0000] {warnings.py:110} WARNING - /home/airflow/.local/lib/python3.11/site-packages/urllib3/connectionpool.py:1100: InsecureRequestWarning: Unverified HTTPS request is being made to host 'rickandmortyapi.com'. Adding certificate verification is strongly advised. See: https://urllib3.readthedocs.io/en/latest/advanced-usage.html#tls-warnings
  warnings.warn(

[2024-02-28T16:48:42.244+0000] {warnings.py:110} WARNING - /home/airflow/.local/lib/python3.11/site-packages/urllib3/connectionpool.py:1100: InsecureRequestWarning: Unverified HTTPS request is being made to host 'rickandmortyapi.com'. Adding certificate verification is strongly advised. See: https://urllib3.readthedocs.io/en/latest/advanced-usage.html#tls-warnings
  warnings.warn(

[2024-02-28T16:48:42.364+0000] {warnings.py:110} WARNING - /home/airflow/.local/lib/python3.11/site-packages/urllib3/connectionpool.py:1100: InsecureRequestWarning: Unverified HTTPS request is being made to host 'rickandmortyapi.com'. Adding certificate verification is strongly advised. See: https://urllib3.readthedocs.io/en/latest/advanced-usage.html#tls-warnings
  warnings.warn(

[2024-02-28T16:48:42.474+0000] {warnings.py:110} WARNING - /home/airflow/.local/lib/python3.11/site-packages/urllib3/connectionpool.py:1100: InsecureRequestWarning: Unverified HTTPS request is being made to host 'rickandmortyapi.com'. Adding certificate verification is strongly advised. See: https://urllib3.readthedocs.io/en/latest/advanced-usage.html#tls-warnings
  warnings.warn(

[2024-02-28T16:48:42.590+0000] {warnings.py:110} WARNING - /home/airflow/.local/lib/python3.11/site-packages/urllib3/connectionpool.py:1100: InsecureRequestWarning: Unverified HTTPS request is being made to host 'rickandmortyapi.com'. Adding certificate verification is strongly advised. See: https://urllib3.readthedocs.io/en/latest/advanced-usage.html#tls-warnings
  warnings.warn(

[2024-02-28T16:48:42.715+0000] {warnings.py:110} WARNING - /home/airflow/.local/lib/python3.11/site-packages/urllib3/connectionpool.py:1100: InsecureRequestWarning: Unverified HTTPS request is being made to host 'rickandmortyapi.com'. Adding certificate verification is strongly advised. See: https://urllib3.readthedocs.io/en/latest/advanced-usage.html#tls-warnings
  warnings.warn(

[2024-02-28T16:48:42.843+0000] {warnings.py:110} WARNING - /home/airflow/.local/lib/python3.11/site-packages/urllib3/connectionpool.py:1100: InsecureRequestWarning: Unverified HTTPS request is being made to host 'rickandmortyapi.com'. Adding certificate verification is strongly advised. See: https://urllib3.readthedocs.io/en/latest/advanced-usage.html#tls-warnings
  warnings.warn(

[2024-02-28T16:48:42.997+0000] {warnings.py:110} WARNING - /home/airflow/.local/lib/python3.11/site-packages/urllib3/connectionpool.py:1100: InsecureRequestWarning: Unverified HTTPS request is being made to host 'rickandmortyapi.com'. Adding certificate verification is strongly advised. See: https://urllib3.readthedocs.io/en/latest/advanced-usage.html#tls-warnings
  warnings.warn(

[2024-02-28T16:48:43.135+0000] {python.py:202} INFO - Done. Returned value was:       id          name  ...                   created location_id
0      1  Rick Sanchez  ...  2017-11-04T18:48:46.250Z         3.0
1      2   Morty Smith  ...  2017-11-04T18:50:21.651Z         3.0
2      3  Summer Smith  ...  2017-11-04T19:09:56.428Z        20.0
3      4    Beth Smith  ...  2017-11-04T19:22:43.665Z        20.0
4      5   Jerry Smith  ...  2017-11-04T19:26:56.301Z        20.0
..   ...           ...  ...                       ...         ...
821  822   Young Jerry  ...  2021-11-02T17:18:31.934Z        30.0
822  823    Young Beth  ...  2021-11-02T17:19:00.951Z        30.0
823  824    Young Beth  ...  2021-11-02T17:19:47.957Z        30.0
824  825   Young Jerry  ...  2021-11-02T17:20:14.305Z        30.0
825  826  Butter Robot  ...  2021-11-02T17:24:37.458Z        20.0

[826 rows x 13 columns]
[2024-02-28T16:48:43.320+0000] {taskinstance.py:1149} INFO - Marking task as SUCCESS. dag_id=rick_and_morty_etl, task_id=fetch_characters_task, execution_date=20240228T154223, start_date=20240228T164837, end_date=20240228T164843
[2024-02-28T16:48:43.357+0000] {local_task_job_runner.py:234} INFO - Task exited with return code 0
[2024-02-28T16:48:43.398+0000] {taskinstance.py:3309} INFO - 1 downstream tasks scheduled from follow-on schedule check
