[2024-02-28T16:48:55.065+0000] {taskinstance.py:1979} INFO - Dependencies all met for dep_context=non-requeueable deps ti=<TaskInstance: rick_and_morty_etl.fetch_locations_task manual__2024-02-28T15:42:23.644193+00:00 [queued]>
[2024-02-28T16:48:55.073+0000] {taskinstance.py:1979} INFO - Dependencies all met for dep_context=requeueable deps ti=<TaskInstance: rick_and_morty_etl.fetch_locations_task manual__2024-02-28T15:42:23.644193+00:00 [queued]>
[2024-02-28T16:48:55.074+0000] {taskinstance.py:2193} INFO - Starting attempt 1 of 2
[2024-02-28T16:48:55.091+0000] {taskinstance.py:2214} INFO - Executing <Task(PythonOperator): fetch_locations_task> on 2024-02-28 15:42:23.644193+00:00
[2024-02-28T16:48:55.123+0000] {standard_task_runner.py:60} INFO - Started process 2386 to run task
[2024-02-28T16:48:55.128+0000] {standard_task_runner.py:87} INFO - Running: ['airflow', 'tasks', 'run', 'rick_and_morty_etl', 'fetch_locations_task', 'manual__2024-02-28T15:42:23.644193+00:00', '--job-id', '36', '--raw', '--subdir', 'DAGS_FOLDER/rick_and_morty_etl.py', '--cfg-path', '/tmp/tmp2xj2v6wn']
[2024-02-28T16:48:55.130+0000] {standard_task_runner.py:88} INFO - Job 36: Subtask fetch_locations_task
[2024-02-28T16:48:55.207+0000] {task_command.py:423} INFO - Running <TaskInstance: rick_and_morty_etl.fetch_locations_task manual__2024-02-28T15:42:23.644193+00:00 [running]> on host f633dc85971f
[2024-02-28T16:48:55.412+0000] {taskinstance.py:2510} INFO - Exporting env vars: AIRFLOW_CTX_DAG_OWNER='raft_airflow' AIRFLOW_CTX_DAG_ID='rick_and_morty_etl' AIRFLOW_CTX_TASK_ID='fetch_locations_task' AIRFLOW_CTX_EXECUTION_DATE='2024-02-28T15:42:23.644193+00:00' AIRFLOW_CTX_TRY_NUMBER='1' AIRFLOW_CTX_DAG_RUN_ID='manual__2024-02-28T15:42:23.644193+00:00'
[2024-02-28T16:48:55.505+0000] {warnings.py:110} WARNING - /home/airflow/.local/lib/python3.11/site-packages/urllib3/connectionpool.py:1100: InsecureRequestWarning: Unverified HTTPS request is being made to host 'rickandmortyapi.com'. Adding certificate verification is strongly advised. See: https://urllib3.readthedocs.io/en/latest/advanced-usage.html#tls-warnings
  warnings.warn(

[2024-02-28T16:48:55.626+0000] {warnings.py:110} WARNING - /home/airflow/.local/lib/python3.11/site-packages/urllib3/connectionpool.py:1100: InsecureRequestWarning: Unverified HTTPS request is being made to host 'rickandmortyapi.com'. Adding certificate verification is strongly advised. See: https://urllib3.readthedocs.io/en/latest/advanced-usage.html#tls-warnings
  warnings.warn(

[2024-02-28T16:48:55.745+0000] {warnings.py:110} WARNING - /home/airflow/.local/lib/python3.11/site-packages/urllib3/connectionpool.py:1100: InsecureRequestWarning: Unverified HTTPS request is being made to host 'rickandmortyapi.com'. Adding certificate verification is strongly advised. See: https://urllib3.readthedocs.io/en/latest/advanced-usage.html#tls-warnings
  warnings.warn(

[2024-02-28T16:48:55.863+0000] {warnings.py:110} WARNING - /home/airflow/.local/lib/python3.11/site-packages/urllib3/connectionpool.py:1100: InsecureRequestWarning: Unverified HTTPS request is being made to host 'rickandmortyapi.com'. Adding certificate verification is strongly advised. See: https://urllib3.readthedocs.io/en/latest/advanced-usage.html#tls-warnings
  warnings.warn(

[2024-02-28T16:48:56.063+0000] {warnings.py:110} WARNING - /home/airflow/.local/lib/python3.11/site-packages/urllib3/connectionpool.py:1100: InsecureRequestWarning: Unverified HTTPS request is being made to host 'rickandmortyapi.com'. Adding certificate verification is strongly advised. See: https://urllib3.readthedocs.io/en/latest/advanced-usage.html#tls-warnings
  warnings.warn(

[2024-02-28T16:48:56.217+0000] {warnings.py:110} WARNING - /home/airflow/.local/lib/python3.11/site-packages/urllib3/connectionpool.py:1100: InsecureRequestWarning: Unverified HTTPS request is being made to host 'rickandmortyapi.com'. Adding certificate verification is strongly advised. See: https://urllib3.readthedocs.io/en/latest/advanced-usage.html#tls-warnings
  warnings.warn(

[2024-02-28T16:48:56.378+0000] {warnings.py:110} WARNING - /home/airflow/.local/lib/python3.11/site-packages/urllib3/connectionpool.py:1100: InsecureRequestWarning: Unverified HTTPS request is being made to host 'rickandmortyapi.com'. Adding certificate verification is strongly advised. See: https://urllib3.readthedocs.io/en/latest/advanced-usage.html#tls-warnings
  warnings.warn(

[2024-02-28T16:48:56.490+0000] {python.py:202} INFO - Done. Returned value was:       id  ...                   created
0      1  ...  2017-11-10T12:42:04.162Z
1      2  ...  2017-11-10T13:06:38.182Z
2      3  ...  2017-11-10T13:08:13.191Z
3      4  ...  2017-11-10T13:08:20.569Z
4      5  ...  2017-11-10T13:08:46.060Z
..   ...  ...                       ...
121  122  ...  2021-10-26T12:19:52.957Z
122  123  ...  2021-11-02T13:03:21.307Z
123  124  ...  2021-11-02T13:07:27.619Z
124  125  ...  2021-11-02T13:50:55.588Z
125  126  ...  2021-11-02T15:18:57.987Z

[126 rows x 7 columns]
[2024-02-28T16:48:56.916+0000] {taskinstance.py:1149} INFO - Marking task as SUCCESS. dag_id=rick_and_morty_etl, task_id=fetch_locations_task, execution_date=20240228T154223, start_date=20240228T164855, end_date=20240228T164856
[2024-02-28T16:48:57.097+0000] {local_task_job_runner.py:234} INFO - Task exited with return code 0
[2024-02-28T16:48:57.194+0000] {taskinstance.py:3309} INFO - 1 downstream tasks scheduled from follow-on schedule check
