[2024-02-28T16:49:00.894+0000] {taskinstance.py:1979} INFO - Dependencies all met for dep_context=non-requeueable deps ti=<TaskInstance: rick_and_morty_etl.insert_locations_task manual__2024-02-28T15:42:23.644193+00:00 [queued]>
[2024-02-28T16:49:00.920+0000] {taskinstance.py:1979} INFO - Dependencies all met for dep_context=requeueable deps ti=<TaskInstance: rick_and_morty_etl.insert_locations_task manual__2024-02-28T15:42:23.644193+00:00 [queued]>
[2024-02-28T16:49:00.922+0000] {taskinstance.py:2193} INFO - Starting attempt 1 of 2
[2024-02-28T16:49:00.956+0000] {taskinstance.py:2214} INFO - Executing <Task(PythonOperator): insert_locations_task> on 2024-02-28 15:42:23.644193+00:00
[2024-02-28T16:49:01.000+0000] {standard_task_runner.py:60} INFO - Started process 2389 to run task
[2024-02-28T16:49:01.005+0000] {standard_task_runner.py:87} INFO - Running: ['airflow', 'tasks', 'run', 'rick_and_morty_etl', 'insert_locations_task', 'manual__2024-02-28T15:42:23.644193+00:00', '--job-id', '37', '--raw', '--subdir', 'DAGS_FOLDER/rick_and_morty_etl.py', '--cfg-path', '/tmp/tmpyxr27eoj']
[2024-02-28T16:49:01.006+0000] {standard_task_runner.py:88} INFO - Job 37: Subtask insert_locations_task
[2024-02-28T16:49:01.083+0000] {task_command.py:423} INFO - Running <TaskInstance: rick_and_morty_etl.insert_locations_task manual__2024-02-28T15:42:23.644193+00:00 [running]> on host f633dc85971f
[2024-02-28T16:49:01.182+0000] {taskinstance.py:2510} INFO - Exporting env vars: AIRFLOW_CTX_DAG_OWNER='raft_airflow' AIRFLOW_CTX_DAG_ID='rick_and_morty_etl' AIRFLOW_CTX_TASK_ID='insert_locations_task' AIRFLOW_CTX_EXECUTION_DATE='2024-02-28T15:42:23.644193+00:00' AIRFLOW_CTX_TRY_NUMBER='1' AIRFLOW_CTX_DAG_RUN_ID='manual__2024-02-28T15:42:23.644193+00:00'
[2024-02-28T16:49:01.276+0000] {warnings.py:110} WARNING - /home/airflow/.local/lib/python3.11/site-packages/urllib3/connectionpool.py:1100: InsecureRequestWarning: Unverified HTTPS request is being made to host 'rickandmortyapi.com'. Adding certificate verification is strongly advised. See: https://urllib3.readthedocs.io/en/latest/advanced-usage.html#tls-warnings
  warnings.warn(

[2024-02-28T16:49:01.396+0000] {warnings.py:110} WARNING - /home/airflow/.local/lib/python3.11/site-packages/urllib3/connectionpool.py:1100: InsecureRequestWarning: Unverified HTTPS request is being made to host 'rickandmortyapi.com'. Adding certificate verification is strongly advised. See: https://urllib3.readthedocs.io/en/latest/advanced-usage.html#tls-warnings
  warnings.warn(

[2024-02-28T16:49:01.508+0000] {warnings.py:110} WARNING - /home/airflow/.local/lib/python3.11/site-packages/urllib3/connectionpool.py:1100: InsecureRequestWarning: Unverified HTTPS request is being made to host 'rickandmortyapi.com'. Adding certificate verification is strongly advised. See: https://urllib3.readthedocs.io/en/latest/advanced-usage.html#tls-warnings
  warnings.warn(

[2024-02-28T16:49:01.622+0000] {warnings.py:110} WARNING - /home/airflow/.local/lib/python3.11/site-packages/urllib3/connectionpool.py:1100: InsecureRequestWarning: Unverified HTTPS request is being made to host 'rickandmortyapi.com'. Adding certificate verification is strongly advised. See: https://urllib3.readthedocs.io/en/latest/advanced-usage.html#tls-warnings
  warnings.warn(

[2024-02-28T16:49:01.738+0000] {warnings.py:110} WARNING - /home/airflow/.local/lib/python3.11/site-packages/urllib3/connectionpool.py:1100: InsecureRequestWarning: Unverified HTTPS request is being made to host 'rickandmortyapi.com'. Adding certificate verification is strongly advised. See: https://urllib3.readthedocs.io/en/latest/advanced-usage.html#tls-warnings
  warnings.warn(

[2024-02-28T16:49:01.846+0000] {warnings.py:110} WARNING - /home/airflow/.local/lib/python3.11/site-packages/urllib3/connectionpool.py:1100: InsecureRequestWarning: Unverified HTTPS request is being made to host 'rickandmortyapi.com'. Adding certificate verification is strongly advised. See: https://urllib3.readthedocs.io/en/latest/advanced-usage.html#tls-warnings
  warnings.warn(

[2024-02-28T16:49:01.960+0000] {warnings.py:110} WARNING - /home/airflow/.local/lib/python3.11/site-packages/urllib3/connectionpool.py:1100: InsecureRequestWarning: Unverified HTTPS request is being made to host 'rickandmortyapi.com'. Adding certificate verification is strongly advised. See: https://urllib3.readthedocs.io/en/latest/advanced-usage.html#tls-warnings
  warnings.warn(

[2024-02-28T16:49:02.168+0000] {logging_mixin.py:188} INFO - Inserted to location table successfully!
[2024-02-28T16:49:02.172+0000] {python.py:202} INFO - Done. Returned value was: None
[2024-02-28T16:49:02.190+0000] {taskinstance.py:1149} INFO - Marking task as SUCCESS. dag_id=rick_and_morty_etl, task_id=insert_locations_task, execution_date=20240228T154223, start_date=20240228T164900, end_date=20240228T164902
[2024-02-28T16:49:02.233+0000] {local_task_job_runner.py:234} INFO - Task exited with return code 0
[2024-02-28T16:49:02.278+0000] {taskinstance.py:3309} INFO - 1 downstream tasks scheduled from follow-on schedule check
